Analysis & Synthesis report for DigitalClock
Thu May 15 12:46:36 2025
Quartus Prime Version 21.1.0 Build 842 10/21/2021 SJ Lite Edition


---------------------
; Table of Contents ;
---------------------
  1. Legal Notice
  2. Analysis & Synthesis Summary
  3. Analysis & Synthesis Settings
  4. Parallel Compilation
  5. Analysis & Synthesis Source Files Read
  6. Analysis & Synthesis Resource Usage Summary
  7. Analysis & Synthesis Resource Utilization by Entity
  8. Registers Removed During Synthesis
  9. General Register Statistics
 10. Inverted Register Statistics
 11. Multiplexer Restructuring Statistics (Restructuring Performed)
 12. Parameter Settings for User Entity Instance: even_clk_div:clkdiv2
 13. Post-Synthesis Netlist Statistics for Top Partition
 14. Elapsed Time Per Partition
 15. Analysis & Synthesis Messages



----------------
; Legal Notice ;
----------------
Copyright (C) 2021  Intel Corporation. All rights reserved.
Your use of Intel Corporation's design tools, logic functions 
and other software and tools, and any partner logic 
functions, and any output files from any of the foregoing 
(including device programming or simulation files), and any 
associated documentation or information are expressly subject 
to the terms and conditions of the Intel Program License 
Subscription Agreement, the Intel Quartus Prime License Agreement,
the Intel FPGA IP License Agreement, or other applicable license
agreement, including, without limitation, that your use is for
the sole purpose of programming logic devices manufactured by
Intel and sold by Intel or its authorized distributors.  Please
refer to the applicable agreement for further details, at
https://fpgasoftware.intel.com/eula.



+----------------------------------------------------------------------------------+
; Analysis & Synthesis Summary                                                     ;
+------------------------------------+---------------------------------------------+
; Analysis & Synthesis Status        ; Successful - Thu May 15 12:46:36 2025       ;
; Quartus Prime Version              ; 21.1.0 Build 842 10/21/2021 SJ Lite Edition ;
; Revision Name                      ; DigitalClock                                ;
; Top-level Entity Name              ; top                                         ;
; Family                             ; MAX 10                                      ;
; Total logic elements               ; 143                                         ;
;     Total combinational functions  ; 143                                         ;
;     Dedicated logic registers      ; 51                                          ;
; Total registers                    ; 51                                          ;
; Total pins                         ; 48                                          ;
; Total virtual pins                 ; 0                                           ;
; Total memory bits                  ; 0                                           ;
; Embedded Multiplier 9-bit elements ; 0                                           ;
; Total PLLs                         ; 0                                           ;
; UFM blocks                         ; 0                                           ;
; ADC blocks                         ; 0                                           ;
+------------------------------------+---------------------------------------------+


+------------------------------------------------------------------------------------------------------------+
; Analysis & Synthesis Settings                                                                              ;
+------------------------------------------------------------------+--------------------+--------------------+
; Option                                                           ; Setting            ; Default Value      ;
+------------------------------------------------------------------+--------------------+--------------------+
; Device                                                           ; 10M50DAF484C6GES   ;                    ;
; Top-level entity name                                            ; top                ; DigitalClock       ;
; Family name                                                      ; MAX 10             ; Cyclone V          ;
; Use smart compilation                                            ; Off                ; Off                ;
; Enable parallel Assembler and Timing Analyzer during compilation ; On                 ; On                 ;
; Enable compact report table                                      ; Off                ; Off                ;
; Restructure Multiplexers                                         ; Auto               ; Auto               ;
; Create Debugging Nodes for IP Cores                              ; Off                ; Off                ;
; Preserve fewer node names                                        ; On                 ; On                 ;
; Intel FPGA IP Evaluation Mode                                    ; Enable             ; Enable             ;
; Verilog Version                                                  ; Verilog_2001       ; Verilog_2001       ;
; VHDL Version                                                     ; VHDL_1993          ; VHDL_1993          ;
; State Machine Processing                                         ; Auto               ; Auto               ;
; Safe State Machine                                               ; Off                ; Off                ;
; Extract Verilog State Machines                                   ; On                 ; On                 ;
; Extract VHDL State Machines                                      ; On                 ; On                 ;
; Ignore Verilog initial constructs                                ; Off                ; Off                ;
; Iteration limit for constant Verilog loops                       ; 5000               ; 5000               ;
; Iteration limit for non-constant Verilog loops                   ; 250                ; 250                ;
; Add Pass-Through Logic to Inferred RAMs                          ; On                 ; On                 ;
; Infer RAMs from Raw Logic                                        ; On                 ; On                 ;
; Parallel Synthesis                                               ; On                 ; On                 ;
; DSP Block Balancing                                              ; Auto               ; Auto               ;
; NOT Gate Push-Back                                               ; On                 ; On                 ;
; Power-Up Don't Care                                              ; On                 ; On                 ;
; Remove Redundant Logic Cells                                     ; Off                ; Off                ;
; Remove Duplicate Registers                                       ; On                 ; On                 ;
; Ignore CARRY Buffers                                             ; Off                ; Off                ;
; Ignore CASCADE Buffers                                           ; Off                ; Off                ;
; Ignore GLOBAL Buffers                                            ; Off                ; Off                ;
; Ignore ROW GLOBAL Buffers                                        ; Off                ; Off                ;
; Ignore LCELL Buffers                                             ; Off                ; Off                ;
; Ignore SOFT Buffers                                              ; On                 ; On                 ;
; Limit AHDL Integers to 32 Bits                                   ; Off                ; Off                ;
; Optimization Technique                                           ; Balanced           ; Balanced           ;
; Carry Chain Length                                               ; 70                 ; 70                 ;
; Auto Carry Chains                                                ; On                 ; On                 ;
; Auto Open-Drain Pins                                             ; On                 ; On                 ;
; Perform WYSIWYG Primitive Resynthesis                            ; Off                ; Off                ;
; Auto ROM Replacement                                             ; On                 ; On                 ;
; Auto RAM Replacement                                             ; On                 ; On                 ;
; Auto DSP Block Replacement                                       ; On                 ; On                 ;
; Auto Shift Register Replacement                                  ; Auto               ; Auto               ;
; Allow Shift Register Merging across Hierarchies                  ; Auto               ; Auto               ;
; Auto Clock Enable Replacement                                    ; On                 ; On                 ;
; Strict RAM Replacement                                           ; Off                ; Off                ;
; Allow Synchronous Control Signals                                ; On                 ; On                 ;
; Force Use of Synchronous Clear Signals                           ; Off                ; Off                ;
; Auto RAM Block Balancing                                         ; On                 ; On                 ;
; Auto RAM to Logic Cell Conversion                                ; Off                ; Off                ;
; Auto Resource Sharing                                            ; Off                ; Off                ;
; Allow Any RAM Size For Recognition                               ; Off                ; Off                ;
; Allow Any ROM Size For Recognition                               ; Off                ; Off                ;
; Allow Any Shift Register Size For Recognition                    ; Off                ; Off                ;
; Use LogicLock Constraints during Resource Balancing              ; On                 ; On                 ;
; Ignore translate_off and synthesis_off directives                ; Off                ; Off                ;
; Timing-Driven Synthesis                                          ; On                 ; On                 ;
; Report Parameter Settings                                        ; On                 ; On                 ;
; Report Source Assignments                                        ; On                 ; On                 ;
; Report Connectivity Checks                                       ; On                 ; On                 ;
; Ignore Maximum Fan-Out Assignments                               ; Off                ; Off                ;
; Synchronization Register Chain Length                            ; 2                  ; 2                  ;
; Power Optimization During Synthesis                              ; Normal compilation ; Normal compilation ;
; HDL message level                                                ; Level2             ; Level2             ;
; Suppress Register Optimization Related Messages                  ; Off                ; Off                ;
; Number of Removed Registers Reported in Synthesis Report         ; 5000               ; 5000               ;
; Number of Swept Nodes Reported in Synthesis Report               ; 5000               ; 5000               ;
; Number of Inverted Registers Reported in Synthesis Report        ; 100                ; 100                ;
; Clock MUX Protection                                             ; On                 ; On                 ;
; Auto Gated Clock Conversion                                      ; Off                ; Off                ;
; Block Design Naming                                              ; Auto               ; Auto               ;
; SDC constraint protection                                        ; Off                ; Off                ;
; Synthesis Effort                                                 ; Auto               ; Auto               ;
; Shift Register Replacement - Allow Asynchronous Clear Signal     ; On                 ; On                 ;
; Pre-Mapping Resynthesis Optimization                             ; Off                ; Off                ;
; Analysis & Synthesis Message Level                               ; Medium             ; Medium             ;
; Disable Register Merging Across Hierarchies                      ; Auto               ; Auto               ;
; Resource Aware Inference For Block RAM                           ; On                 ; On                 ;
+------------------------------------------------------------------+--------------------+--------------------+


+------------------------------------------+
; Parallel Compilation                     ;
+----------------------------+-------------+
; Processors                 ; Number      ;
+----------------------------+-------------+
; Number detected on machine ; 12          ;
; Maximum allowed            ; 8           ;
;                            ;             ;
; Average used               ; 1.00        ;
; Maximum used               ; 8           ;
;                            ;             ;
; Usage by Processor         ; % Time Used ;
;     Processor 1            ; 100.0%      ;
;     Processors 2-8         ;   0.0%      ;
+----------------------------+-------------+


+------------------------------------------------------------------------------------------------------------------------------------------------------------------------------+
; Analysis & Synthesis Source Files Read                                                                                                                                       ;
+----------------------------------+-----------------+------------------------+--------------------------------------------------------------------------------------+---------+
; File Name with User-Entered Path ; Used in Netlist ; File Type              ; File Name with Absolute Path                                                         ; Library ;
+----------------------------------+-----------------+------------------------+--------------------------------------------------------------------------------------+---------+
; ../rtl/top.v                     ; yes             ; User Verilog HDL File  ; H:/Digital IC Material and Projects/Projects/Design/Digital Clock/rtl/top.v          ;         ;
; ../rtl/even_clk_div.v            ; yes             ; User Verilog HDL File  ; H:/Digital IC Material and Projects/Projects/Design/Digital Clock/rtl/even_clk_div.v ;         ;
; ../rtl/decoder_7seq.v            ; yes             ; User Verilog HDL File  ; H:/Digital IC Material and Projects/Projects/Design/Digital Clock/rtl/decoder_7seq.v ;         ;
; ../rtl/count_59.v                ; yes             ; User Verilog HDL File  ; H:/Digital IC Material and Projects/Projects/Design/Digital Clock/rtl/count_59.v     ;         ;
; ../rtl/count_12.v                ; yes             ; User Verilog HDL File  ; H:/Digital IC Material and Projects/Projects/Design/Digital Clock/rtl/count_12.v     ;         ;
; ../rtl/clock.v                   ; yes             ; User Verilog HDL File  ; H:/Digital IC Material and Projects/Projects/Design/Digital Clock/rtl/clock.v        ;         ;
+----------------------------------+-----------------+------------------------+--------------------------------------------------------------------------------------+---------+


+-----------------------------------------------------------+
; Analysis & Synthesis Resource Usage Summary               ;
+---------------------------------------------+-------------+
; Resource                                    ; Usage       ;
+---------------------------------------------+-------------+
; Estimated Total logic elements              ; 143         ;
;                                             ;             ;
; Total combinational functions               ; 143         ;
; Logic element usage by number of LUT inputs ;             ;
;     -- 4 input functions                    ; 67          ;
;     -- 3 input functions                    ; 46          ;
;     -- <=2 input functions                  ; 30          ;
;                                             ;             ;
; Logic elements by mode                      ;             ;
;     -- normal mode                          ; 118         ;
;     -- arithmetic mode                      ; 25          ;
;                                             ;             ;
; Total registers                             ; 51          ;
;     -- Dedicated logic registers            ; 51          ;
;     -- I/O registers                        ; 0           ;
;                                             ;             ;
; I/O pins                                    ; 48          ;
;                                             ;             ;
; Embedded Multiplier 9-bit elements          ; 0           ;
;                                             ;             ;
; Maximum fan-out node                        ; i_rst~input ;
; Maximum fan-out                             ; 51          ;
; Total fan-out                               ; 723         ;
; Average fan-out                             ; 2.49        ;
+---------------------------------------------+-------------+


+------------------------------------------------------------------------------------------------------------------------------------------------------------------------------------------------------------------------------------------------+
; Analysis & Synthesis Resource Utilization by Entity                                                                                                                                                                                            ;
+------------------------------+---------------------+---------------------------+-------------+------------+--------------+---------+-----------+------+--------------+------------+------------------------------+--------------+--------------+
; Compilation Hierarchy Node   ; Combinational ALUTs ; Dedicated Logic Registers ; Memory Bits ; UFM Blocks ; DSP Elements ; DSP 9x9 ; DSP 18x18 ; Pins ; Virtual Pins ; ADC blocks ; Full Hierarchy Name          ; Entity Name  ; Library Name ;
+------------------------------+---------------------+---------------------------+-------------+------------+--------------+---------+-----------+------+--------------+------------+------------------------------+--------------+--------------+
; |top                         ; 143 (0)             ; 51 (0)                    ; 0           ; 0          ; 0            ; 0       ; 0         ; 48   ; 0            ; 0          ; |top                         ; top          ; work         ;
;    |clock:dut|               ; 62 (8)              ; 24 (2)                    ; 0           ; 0          ; 0            ; 0       ; 0         ; 0    ; 0            ; 0          ; |top|clock:dut               ; clock        ; work         ;
;       |count_12:hrs|         ; 27 (27)             ; 6 (6)                     ; 0           ; 0          ; 0            ; 0       ; 0         ; 0    ; 0            ; 0          ; |top|clock:dut|count_12:hrs  ; count_12     ; work         ;
;       |count_59:mins|        ; 15 (15)             ; 8 (8)                     ; 0           ; 0          ; 0            ; 0       ; 0         ; 0    ; 0            ; 0          ; |top|clock:dut|count_59:mins ; count_59     ; work         ;
;       |count_59:secs|        ; 12 (12)             ; 8 (8)                     ; 0           ; 0          ; 0            ; 0       ; 0         ; 0    ; 0            ; 0          ; |top|clock:dut|count_59:secs ; count_59     ; work         ;
;    |decoder_7seq:sev_seg1_s| ; 7 (7)               ; 0 (0)                     ; 0           ; 0          ; 0            ; 0       ; 0         ; 0    ; 0            ; 0          ; |top|decoder_7seq:sev_seg1_s ; decoder_7seq ; work         ;
;    |decoder_7seq:sev_seg2_s| ; 7 (7)               ; 0 (0)                     ; 0           ; 0          ; 0            ; 0       ; 0         ; 0    ; 0            ; 0          ; |top|decoder_7seq:sev_seg2_s ; decoder_7seq ; work         ;
;    |decoder_7seq:sev_seg3_m| ; 7 (7)               ; 0 (0)                     ; 0           ; 0          ; 0            ; 0       ; 0         ; 0    ; 0            ; 0          ; |top|decoder_7seq:sev_seg3_m ; decoder_7seq ; work         ;
;    |decoder_7seq:sev_seg4_m| ; 7 (7)               ; 0 (0)                     ; 0           ; 0          ; 0            ; 0       ; 0         ; 0    ; 0            ; 0          ; |top|decoder_7seq:sev_seg4_m ; decoder_7seq ; work         ;
;    |decoder_7seq:sev_seg5_h| ; 6 (6)               ; 0 (0)                     ; 0           ; 0          ; 0            ; 0       ; 0         ; 0    ; 0            ; 0          ; |top|decoder_7seq:sev_seg5_h ; decoder_7seq ; work         ;
;    |even_clk_div:clkdiv2|    ; 47 (47)             ; 27 (27)                   ; 0           ; 0          ; 0            ; 0       ; 0         ; 0    ; 0            ; 0          ; |top|even_clk_div:clkdiv2    ; even_clk_div ; work         ;
+------------------------------+---------------------+---------------------------+-------------+------------+--------------+---------+-----------+------+--------------+------------+------------------------------+--------------+--------------+
Note: For table entries with two numbers listed, the numbers in parentheses indicate the number of resources of the given type used by the specific entity alone. The numbers listed outside of parentheses indicate the total resources of the given type used by the specific entity and all of its sub-entities in the hierarchy.


+-----------------------------------------------------------------------------------+
; Registers Removed During Synthesis                                                ;
+---------------------------------------+-------------------------------------------+
; Register name                         ; Reason for Removal                        ;
+---------------------------------------+-------------------------------------------+
; clock:dut|o_dpnt[1]                   ; Merged with clock:dut|o_dpnt[0]           ;
; clock:dut|count_12:hrs|o_q[6,7]       ; Merged with clock:dut|count_12:hrs|o_q[5] ;
; clock:dut|count_12:hrs|o_q[5]         ; Stuck at GND due to stuck port data_in    ;
; Total Number of Removed Registers = 4 ;                                           ;
+---------------------------------------+-------------------------------------------+


+------------------------------------------------------+
; General Register Statistics                          ;
+----------------------------------------------+-------+
; Statistic                                    ; Value ;
+----------------------------------------------+-------+
; Total registers                              ; 51    ;
; Number of registers using Synchronous Clear  ; 0     ;
; Number of registers using Synchronous Load   ; 0     ;
; Number of registers using Asynchronous Clear ; 51    ;
; Number of registers using Asynchronous Load  ; 0     ;
; Number of registers using Clock Enable       ; 16    ;
; Number of registers using Preset             ; 0     ;
+----------------------------------------------+-------+


+--------------------------------------------------+
; Inverted Register Statistics                     ;
+----------------------------------------+---------+
; Inverted Register                      ; Fan out ;
+----------------------------------------+---------+
; clock:dut|count_12:hrs|o_q[1]          ; 15      ;
; clock:dut|count_12:hrs|o_q[4]          ; 7       ;
; clock:dut|o_dpnt[0]                    ; 3       ;
; Total number of inverted registers = 3 ;         ;
+----------------------------------------+---------+


+--------------------------------------------------------------------------------------------------------------------------------------------------+
; Multiplexer Restructuring Statistics (Restructuring Performed)                                                                                   ;
+--------------------+-----------+---------------+----------------------+------------------------+------------+------------------------------------+
; Multiplexer Inputs ; Bus Width ; Baseline Area ; Area if Restructured ; Saving if Restructured ; Registered ; Example Multiplexer Output         ;
+--------------------+-----------+---------------+----------------------+------------------------+------------+------------------------------------+
; 3:1                ; 4 bits    ; 8 LEs         ; 4 LEs                ; 4 LEs                  ; Yes        ; |top|clock:dut|count_59:secs|d1[1] ;
; 3:1                ; 4 bits    ; 8 LEs         ; 4 LEs                ; 4 LEs                  ; Yes        ; |top|clock:dut|count_59:secs|d2[2] ;
; 3:1                ; 4 bits    ; 8 LEs         ; 4 LEs                ; 4 LEs                  ; Yes        ; |top|clock:dut|count_59:mins|d1[0] ;
; 3:1                ; 4 bits    ; 8 LEs         ; 4 LEs                ; 4 LEs                  ; Yes        ; |top|clock:dut|count_59:mins|d2[1] ;
; 5:1                ; 3 bits    ; 9 LEs         ; 6 LEs                ; 3 LEs                  ; Yes        ; |top|clock:dut|count_12:hrs|o_q[0] ;
+--------------------+-----------+---------------+----------------------+------------------------+------------+------------------------------------+


+-------------------------------------------------------------------+
; Parameter Settings for User Entity Instance: even_clk_div:clkdiv2 ;
+----------------+----------+---------------------------------------+
; Parameter Name ; Value    ; Type                                  ;
+----------------+----------+---------------------------------------+
; RATIO          ; 50000000 ; Signed Integer                        ;
+----------------+----------+---------------------------------------+
Note: In order to hide this table in the UI and the text report file, please set the "Show Parameter Settings in Synthesis Report" option in "Analysis and Synthesis Settings -> More Settings" to "Off".


+-----------------------------------------------------+
; Post-Synthesis Netlist Statistics for Top Partition ;
+-----------------------+-----------------------------+
; Type                  ; Count                       ;
+-----------------------+-----------------------------+
; boundary_port         ; 48                          ;
; cycloneiii_ff         ; 51                          ;
;     CLR               ; 35                          ;
;     ENA CLR           ; 16                          ;
; cycloneiii_lcell_comb ; 181                         ;
;     arith             ; 25                          ;
;         2 data inputs ; 25                          ;
;     normal            ; 156                         ;
;         0 data inputs ; 2                           ;
;         1 data inputs ; 38                          ;
;         2 data inputs ; 3                           ;
;         3 data inputs ; 46                          ;
;         4 data inputs ; 67                          ;
;                       ;                             ;
; Max LUT depth         ; 5.00                        ;
; Average LUT depth     ; 3.04                        ;
+-----------------------+-----------------------------+


+-------------------------------+
; Elapsed Time Per Partition    ;
+----------------+--------------+
; Partition Name ; Elapsed Time ;
+----------------+--------------+
; Top            ; 00:00:00     ;
+----------------+--------------+


+-------------------------------+
; Analysis & Synthesis Messages ;
+-------------------------------+
Info: *******************************************************************
Info: Running Quartus Prime Analysis & Synthesis
    Info: Version 21.1.0 Build 842 10/21/2021 SJ Lite Edition
    Info: Processing started: Thu May 15 12:46:19 2025
Info: Command: quartus_map --read_settings_files=on --write_settings_files=off DigitalClock -c DigitalClock
Warning (18236): Number of processors has not been specified which may cause overloading on shared machines.  Set the global assignment NUM_PARALLEL_PROCESSORS in your QSF to an appropriate value for best performance.
Info (20030): Parallel compilation is enabled and will use 8 of the 8 processors detected
Info (12021): Found 1 design units, including 1 entities, in source file /digital ic material and projects/projects/design/digital clock/rtl/top.v
    Info (12023): Found entity 1: top File: H:/Digital IC Material and Projects/Projects/Design/Digital Clock/rtl/top.v Line: 1
Info (12021): Found 1 design units, including 1 entities, in source file /digital ic material and projects/projects/design/digital clock/rtl/even_clk_div.v
    Info (12023): Found entity 1: even_clk_div File: H:/Digital IC Material and Projects/Projects/Design/Digital Clock/rtl/even_clk_div.v Line: 1
Info (12021): Found 1 design units, including 1 entities, in source file /digital ic material and projects/projects/design/digital clock/rtl/decoder_7seq.v
    Info (12023): Found entity 1: decoder_7seq File: H:/Digital IC Material and Projects/Projects/Design/Digital Clock/rtl/decoder_7seq.v Line: 1
Info (12021): Found 1 design units, including 1 entities, in source file /digital ic material and projects/projects/design/digital clock/rtl/count_59.v
    Info (12023): Found entity 1: count_59 File: H:/Digital IC Material and Projects/Projects/Design/Digital Clock/rtl/count_59.v Line: 1
Info (12021): Found 1 design units, including 1 entities, in source file /digital ic material and projects/projects/design/digital clock/rtl/count_12.v
    Info (12023): Found entity 1: count_12 File: H:/Digital IC Material and Projects/Projects/Design/Digital Clock/rtl/count_12.v Line: 1
Info (12021): Found 1 design units, including 1 entities, in source file /digital ic material and projects/projects/design/digital clock/rtl/clock.v
    Info (12023): Found entity 1: clock File: H:/Digital IC Material and Projects/Projects/Design/Digital Clock/rtl/clock.v Line: 1
Info (12127): Elaborating entity "top" for the top level hierarchy
Info (12128): Elaborating entity "even_clk_div" for hierarchy "even_clk_div:clkdiv2" File: H:/Digital IC Material and Projects/Projects/Design/Digital Clock/rtl/top.v Line: 13
Warning (10230): Verilog HDL assignment warning at even_clk_div.v(31): truncated value with size 32 to match size of target (26) File: H:/Digital IC Material and Projects/Projects/Design/Digital Clock/rtl/even_clk_div.v Line: 31
Info (12128): Elaborating entity "clock" for hierarchy "clock:dut" File: H:/Digital IC Material and Projects/Projects/Design/Digital Clock/rtl/top.v Line: 15
Info (12128): Elaborating entity "count_59" for hierarchy "clock:dut|count_59:secs" File: H:/Digital IC Material and Projects/Projects/Design/Digital Clock/rtl/clock.v Line: 17
Warning (10230): Verilog HDL assignment warning at count_59.v(14): truncated value with size 32 to match size of target (4) File: H:/Digital IC Material and Projects/Projects/Design/Digital Clock/rtl/count_59.v Line: 14
Warning (10230): Verilog HDL assignment warning at count_59.v(25): truncated value with size 32 to match size of target (4) File: H:/Digital IC Material and Projects/Projects/Design/Digital Clock/rtl/count_59.v Line: 25
Info (12128): Elaborating entity "count_12" for hierarchy "clock:dut|count_12:hrs" File: H:/Digital IC Material and Projects/Projects/Design/Digital Clock/rtl/clock.v Line: 19
Warning (10230): Verilog HDL assignment warning at count_12.v(16): truncated value with size 32 to match size of target (4) File: H:/Digital IC Material and Projects/Projects/Design/Digital Clock/rtl/count_12.v Line: 16
Warning (10230): Verilog HDL assignment warning at count_12.v(22): truncated value with size 32 to match size of target (4) File: H:/Digital IC Material and Projects/Projects/Design/Digital Clock/rtl/count_12.v Line: 22
Info (12128): Elaborating entity "decoder_7seq" for hierarchy "decoder_7seq:sev_seg1_s" File: H:/Digital IC Material and Projects/Projects/Design/Digital Clock/rtl/top.v Line: 17
Info (13000): Registers with preset signals will power-up high File: H:/Digital IC Material and Projects/Projects/Design/Digital Clock/rtl/count_12.v Line: 13
Info (13003): DEV_CLRn pin will set, and not reset, register with preset signal due to NOT Gate Push-Back
Warning (13024): Output pins are stuck at VCC or GND
    Warning (13410): Pin "d6[1]" is stuck at GND File: H:/Digital IC Material and Projects/Projects/Design/Digital Clock/rtl/top.v Line: 5
    Warning (13410): Pin "d6[2]" is stuck at GND File: H:/Digital IC Material and Projects/Projects/Design/Digital Clock/rtl/top.v Line: 5
    Warning (13410): Pin "d6[6]" is stuck at VCC File: H:/Digital IC Material and Projects/Projects/Design/Digital Clock/rtl/top.v Line: 5
Info (286030): Timing-Driven Synthesis is running
Info (16010): Generating hard_block partition "hard_block:auto_generated_inst"
    Info (16011): Adding 0 node(s), including 0 DDIO, 0 PLL, 0 transceiver and 0 LCELL
Info (21057): Implemented 191 device resources after synthesis - the final resource count might be different
    Info (21058): Implemented 3 input pins
    Info (21059): Implemented 45 output pins
    Info (21061): Implemented 143 logic cells
Info: Quartus Prime Analysis & Synthesis was successful. 0 errors, 10 warnings
    Info: Peak virtual memory: 4861 megabytes
    Info: Processing ended: Thu May 15 12:46:36 2025
    Info: Elapsed time: 00:00:17
    Info: Total CPU time (on all processors): 00:00:23


